<?xml version="1.0" encoding="UTF-8"?>
<testng-results skipped="0" failed="0" ignored="0" total="1" passed="1">
  <reporter-output>
  </reporter-output>
  <suite name="Default suite" duration-ms="114" started-at="2021-08-04T13:37:30 IST" finished-at="2021-08-04T13:37:30 IST">
    <groups>
    </groups>
    <test name="Default test" duration-ms="114" started-at="2021-08-04T13:37:30 IST" finished-at="2021-08-04T13:37:30 IST">
      <class name="com.TY.RMG.Sdet18api.ApiFramework">
        <test-method status="PASS" signature="apiFramework()[pri:0, instance:com.TY.RMG.Sdet18api.ApiFramework@3dd4520b]" name="apiFramework" duration-ms="20" started-at="2021-08-04T13:37:30 IST" finished-at="2021-08-04T13:37:30 IST">
          <reporter-output>
          </reporter-output>
        </test-method> <!-- apiFramework -->
      </class> <!-- com.TY.RMG.Sdet18api.ApiFramework -->
    </test> <!-- Default test -->
  </suite> <!-- Default suite -->
</testng-results>
